2025-06-01 17:45:28,193 INFO Set uid to user 0 succeeded
2025-06-01 17:45:28,196 INFO RPC interface 'supervisor' initialized
2025-06-01 17:45:28,196 CRIT Server 'unix_http_server' running without any HTTP authentication checking
2025-06-01 17:45:28,197 INFO supervisord started with pid 1
2025-06-01 17:45:29,202 INFO spawned: 'squeezelite-web' with pid 12
2025-06-01 17:45:29,565 INFO exited: squeezelite-web (exit status 1; not expected)
2025-06-01 17:45:30,570 INFO spawned: 'squeezelite-web' with pid 14
2025-06-01 17:45:30,799 INFO exited: squeezelite-web (exit status 1; not expected)
2025-06-01 17:45:32,805 INFO spawned: 'squeezelite-web' with pid 16
2025-06-01 17:45:33,042 INFO exited: squeezelite-web (exit status 1; not expected)
2025-06-01 17:45:36,049 INFO spawned: 'squeezelite-web' with pid 24
2025-06-01 17:45:36,269 INFO exited: squeezelite-web (exit status 1; not expected)
2025-06-01 17:45:37,271 INFO gave up: squeezelite-web entered FATAL state, too many start retries too quickly
2025-06-02 11:51:40,398 WARN received SIGTERM indicating exit request
2025-06-02 11:57:00,430 INFO Set uid to user 0 succeeded
2025-06-02 11:57:00,433 INFO RPC interface 'supervisor' initialized
2025-06-02 11:57:00,433 CRIT Server 'unix_http_server' running without any HTTP authentication checking
2025-06-02 11:57:00,434 INFO supervisord started with pid 1
2025-06-02 11:57:01,438 INFO spawned: 'squeezelite-web' with pid 12
2025-06-02 11:57:01,750 INFO exited: squeezelite-web (exit status 1; not expected)
2025-06-02 11:57:02,756 INFO spawned: 'squeezelite-web' with pid 14
2025-06-02 11:57:02,991 INFO exited: squeezelite-web (exit status 1; not expected)
2025-06-02 11:57:04,997 INFO spawned: 'squeezelite-web' with pid 16
2025-06-02 11:57:05,217 INFO exited: squeezelite-web (exit status 1; not expected)
2025-06-02 11:57:08,224 INFO spawned: 'squeezelite-web' with pid 24
2025-06-02 11:57:08,455 INFO exited: squeezelite-web (exit status 1; not expected)
2025-06-02 11:57:09,457 INFO gave up: squeezelite-web entered FATAL state, too many start retries too quickly
2025-06-02 12:06:01,047 WARN received SIGTERM indicating exit request
2025-06-02 12:06:10,075 INFO Set uid to user 0 succeeded
2025-06-02 12:06:10,078 INFO RPC interface 'supervisor' initialized
2025-06-02 12:06:10,078 CRIT Server 'unix_http_server' running without any HTTP authentication checking
2025-06-02 12:06:10,079 INFO supervisord started with pid 1
2025-06-02 12:06:11,082 INFO spawned: 'squeezelite-web' with pid 12
2025-06-02 12:06:11,371 INFO exited: squeezelite-web (exit status 1; not expected)
2025-06-02 12:06:12,375 INFO spawned: 'squeezelite-web' with pid 14
2025-06-02 12:06:12,591 INFO exited: squeezelite-web (exit status 1; not expected)
2025-06-02 12:06:14,596 INFO spawned: 'squeezelite-web' with pid 16
2025-06-02 12:06:14,813 INFO exited: squeezelite-web (exit status 1; not expected)
2025-06-02 12:06:17,821 INFO spawned: 'squeezelite-web' with pid 24
2025-06-02 12:06:18,084 INFO exited: squeezelite-web (exit status 1; not expected)
2025-06-02 12:06:19,087 INFO gave up: squeezelite-web entered FATAL state, too many start retries too quickly
2025-06-02 12:08:41,245 WARN received SIGTERM indicating exit request
2025-06-02 12:08:46,471 INFO Set uid to user 0 succeeded
2025-06-02 12:08:46,474 INFO RPC interface 'supervisor' initialized
2025-06-02 12:08:46,474 CRIT Server 'unix_http_server' running without any HTTP authentication checking
2025-06-02 12:08:46,474 INFO supervisord started with pid 1
2025-06-02 12:08:47,479 INFO spawned: 'squeezelite-web' with pid 12
2025-06-02 12:08:47,716 INFO exited: squeezelite-web (exit status 1; not expected)
2025-06-02 12:08:48,721 INFO spawned: 'squeezelite-web' with pid 14
2025-06-02 12:08:48,948 INFO exited: squeezelite-web (exit status 1; not expected)
2025-06-02 12:08:50,954 INFO spawned: 'squeezelite-web' with pid 16
2025-06-02 12:08:51,175 INFO exited: squeezelite-web (exit status 1; not expected)
2025-06-02 12:08:54,182 INFO spawned: 'squeezelite-web' with pid 24
2025-06-02 12:08:54,421 INFO exited: squeezelite-web (exit status 1; not expected)
2025-06-02 12:08:55,423 INFO gave up: squeezelite-web entered FATAL state, too many start retries too quickly
2025-06-02 12:09:31,465 WARN received SIGTERM indicating exit request
2025-06-02 12:10:18,968 INFO Set uid to user 0 succeeded
2025-06-02 12:10:18,971 INFO RPC interface 'supervisor' initialized
2025-06-02 12:10:18,972 INFO RPC interface 'supervisor' initialized
2025-06-02 12:10:18,972 CRIT Server 'unix_http_server' running without any HTTP authentication checking
2025-06-02 12:10:18,972 INFO supervisord started with pid 1
2025-06-02 12:10:19,976 INFO spawned: 'squeezelite-web' with pid 18
2025-06-02 12:10:20,197 INFO exited: squeezelite-web (exit status 1; not expected)
2025-06-02 12:10:21,203 INFO spawned: 'squeezelite-web' with pid 19
2025-06-02 12:10:21,424 INFO exited: squeezelite-web (exit status 1; not expected)
2025-06-02 12:10:23,430 INFO spawned: 'squeezelite-web' with pid 20
2025-06-02 12:10:23,649 INFO exited: squeezelite-web (exit status 1; not expected)
2025-06-02 12:10:26,656 INFO spawned: 'squeezelite-web' with pid 27
2025-06-02 12:10:26,877 INFO exited: squeezelite-web (exit status 1; not expected)
2025-06-02 12:10:27,879 INFO gave up: squeezelite-web entered FATAL state, too many start retries too quickly
2025-06-02 12:11:03,920 WARN received SIGTERM indicating exit request
