Traceback (most recent call last):
  File "/app/app.py", line 313, in <module>
    socketio.run(app, host='0.0.0.0', port=8080, debug=False)
  File "/usr/local/lib/python3.10/dist-packages/flask_socketio/__init__.py", line 640, in run
    raise RuntimeError('The Werkzeug web server is not '
RuntimeError: The Werkzeug web server is not designed to run in production. Pass allow_unsafe_werkzeug=True to the run() method to disable this error.
Traceback (most recent call last):
  File "/app/app.py", line 313, in <module>
    socketio.run(app, host='0.0.0.0', port=8080, debug=False)
  File "/usr/local/lib/python3.10/dist-packages/flask_socketio/__init__.py", line 640, in run
    raise RuntimeError('The Werkzeug web server is not '
RuntimeError: The Werkzeug web server is not designed to run in production. Pass allow_unsafe_werkzeug=True to the run() method to disable this error.
Traceback (most recent call last):
  File "/app/app.py", line 313, in <module>
    socketio.run(app, host='0.0.0.0', port=8080, debug=False)
  File "/usr/local/lib/python3.10/dist-packages/flask_socketio/__init__.py", line 640, in run
    raise RuntimeError('The Werkzeug web server is not '
RuntimeError: The Werkzeug web server is not designed to run in production. Pass allow_unsafe_werkzeug=True to the run() method to disable this error.
Traceback (most recent call last):
  File "/app/app.py", line 313, in <module>
    socketio.run(app, host='0.0.0.0', port=8080, debug=False)
  File "/usr/local/lib/python3.10/dist-packages/flask_socketio/__init__.py", line 640, in run
    raise RuntimeError('The Werkzeug web server is not '
RuntimeError: The Werkzeug web server is not designed to run in production. Pass allow_unsafe_werkzeug=True to the run() method to disable this error.
Traceback (most recent call last):
  File "/app/app.py", line 313, in <module>
    socketio.run(app, host='0.0.0.0', port=8080, debug=False)
  File "/usr/local/lib/python3.10/dist-packages/flask_socketio/__init__.py", line 640, in run
    raise RuntimeError('The Werkzeug web server is not '
RuntimeError: The Werkzeug web server is not designed to run in production. Pass allow_unsafe_werkzeug=True to the run() method to disable this error.
Traceback (most recent call last):
  File "/app/app.py", line 313, in <module>
    socketio.run(app, host='0.0.0.0', port=8080, debug=False)
  File "/usr/local/lib/python3.10/dist-packages/flask_socketio/__init__.py", line 640, in run
    raise RuntimeError('The Werkzeug web server is not '
RuntimeError: The Werkzeug web server is not designed to run in production. Pass allow_unsafe_werkzeug=True to the run() method to disable this error.
Traceback (most recent call last):
  File "/app/app.py", line 313, in <module>
    socketio.run(app, host='0.0.0.0', port=8080, debug=False)
  File "/usr/local/lib/python3.10/dist-packages/flask_socketio/__init__.py", line 640, in run
    raise RuntimeError('The Werkzeug web server is not '
RuntimeError: The Werkzeug web server is not designed to run in production. Pass allow_unsafe_werkzeug=True to the run() method to disable this error.
Traceback (most recent call last):
  File "/app/app.py", line 313, in <module>
    socketio.run(app, host='0.0.0.0', port=8080, debug=False)
  File "/usr/local/lib/python3.10/dist-packages/flask_socketio/__init__.py", line 640, in run
    raise RuntimeError('The Werkzeug web server is not '
RuntimeError: The Werkzeug web server is not designed to run in production. Pass allow_unsafe_werkzeug=True to the run() method to disable this error.
Traceback (most recent call last):
  File "/app/app.py", line 313, in <module>
    socketio.run(app, host='0.0.0.0', port=8080, debug=False)
  File "/usr/local/lib/python3.10/dist-packages/flask_socketio/__init__.py", line 640, in run
    raise RuntimeError('The Werkzeug web server is not '
RuntimeError: The Werkzeug web server is not designed to run in production. Pass allow_unsafe_werkzeug=True to the run() method to disable this error.
Traceback (most recent call last):
  File "/app/app.py", line 313, in <module>
    socketio.run(app, host='0.0.0.0', port=8080, debug=False)
  File "/usr/local/lib/python3.10/dist-packages/flask_socketio/__init__.py", line 640, in run
    raise RuntimeError('The Werkzeug web server is not '
RuntimeError: The Werkzeug web server is not designed to run in production. Pass allow_unsafe_werkzeug=True to the run() method to disable this error.
Traceback (most recent call last):
  File "/app/app.py", line 313, in <module>
    socketio.run(app, host='0.0.0.0', port=8080, debug=False)
  File "/usr/local/lib/python3.10/dist-packages/flask_socketio/__init__.py", line 640, in run
    raise RuntimeError('The Werkzeug web server is not '
RuntimeError: The Werkzeug web server is not designed to run in production. Pass allow_unsafe_werkzeug=True to the run() method to disable this error.
Traceback (most recent call last):
  File "/app/app.py", line 313, in <module>
    socketio.run(app, host='0.0.0.0', port=8080, debug=False)
  File "/usr/local/lib/python3.10/dist-packages/flask_socketio/__init__.py", line 640, in run
    raise RuntimeError('The Werkzeug web server is not '
RuntimeError: The Werkzeug web server is not designed to run in production. Pass allow_unsafe_werkzeug=True to the run() method to disable this error.
Traceback (most recent call last):
  File "/app/app.py", line 313, in <module>
    socketio.run(app, host='0.0.0.0', port=8080, debug=False)
  File "/usr/local/lib/python3.10/dist-packages/flask_socketio/__init__.py", line 640, in run
    raise RuntimeError('The Werkzeug web server is not '
RuntimeError: The Werkzeug web server is not designed to run in production. Pass allow_unsafe_werkzeug=True to the run() method to disable this error.
Traceback (most recent call last):
  File "/app/app.py", line 313, in <module>
    socketio.run(app, host='0.0.0.0', port=8080, debug=False)
  File "/usr/local/lib/python3.10/dist-packages/flask_socketio/__init__.py", line 640, in run
    raise RuntimeError('The Werkzeug web server is not '
RuntimeError: The Werkzeug web server is not designed to run in production. Pass allow_unsafe_werkzeug=True to the run() method to disable this error.
Traceback (most recent call last):
  File "/app/app.py", line 313, in <module>
    socketio.run(app, host='0.0.0.0', port=8080, debug=False)
  File "/usr/local/lib/python3.10/dist-packages/flask_socketio/__init__.py", line 640, in run
    raise RuntimeError('The Werkzeug web server is not '
RuntimeError: The Werkzeug web server is not designed to run in production. Pass allow_unsafe_werkzeug=True to the run() method to disable this error.
Traceback (most recent call last):
  File "/app/app.py", line 313, in <module>
    socketio.run(app, host='0.0.0.0', port=8080, debug=False)
  File "/usr/local/lib/python3.10/dist-packages/flask_socketio/__init__.py", line 640, in run
    raise RuntimeError('The Werkzeug web server is not '
RuntimeError: The Werkzeug web server is not designed to run in production. Pass allow_unsafe_werkzeug=True to the run() method to disable this error.
Traceback (most recent call last):
  File "/app/app.py", line 42, in <module>
    logger.info(f"Flask-SocketIO version: {flask_socketio.__version__}")
AttributeError: module 'flask_socketio' has no attribute '__version__'
Traceback (most recent call last):
  File "/app/app.py", line 42, in <module>
    logger.info(f"Flask-SocketIO version: {flask_socketio.__version__}")
AttributeError: module 'flask_socketio' has no attribute '__version__'
Traceback (most recent call last):
  File "/app/app.py", line 42, in <module>
    logger.info(f"Flask-SocketIO version: {flask_socketio.__version__}")
AttributeError: module 'flask_socketio' has no attribute '__version__'
Traceback (most recent call last):
  File "/app/app.py", line 42, in <module>
    logger.info(f"Flask-SocketIO version: {flask_socketio.__version__}")
AttributeError: module 'flask_socketio' has no attribute '__version__'
